<?xml version="1.0" encoding="UTF-8"?>
<testsuite name="| jeremiah | 15 |" tests="7" skipped="0" failures="0" errors="0" timestamp="2018-03-16T17:16:04" hostname="b-0426.local" time="0.192">
  <properties/>
  <testcase name="Given the db is clean" classname="| jeremiah | 15 |" time="0.0"/>
  <testcase name="When the client GET /payments" classname="| jeremiah | 15 |" time="0.0"/>
  <testcase name="And the client receives 0 payments" classname="| jeremiah | 15 |" time="0.0"/>
  <testcase name="Given the client POST 15 mocks" classname="| jeremiah | 15 |" time="0.0"/>
  <testcase name="When the client GET /payments with beneficiaryName &quot;jeremiah&quot;" classname="| jeremiah | 15 |" time="0.0"/>
  <testcase name="Then the client receives 15 payments" classname="| jeremiah | 15 |" time="0.0"/>
  <testcase name="classMethod" classname="| jeremiah | 15 |" time="0.205"/>
  <system-out><![CDATA[2018-03-16 17:16:04.218  INFO 20076 --- [    Test worker] o.s.t.c.support.AbstractContextLoader    : Could not detect default resource locations for test class [playground.SpringIntegrationTest]: no resource found for suffixes {-context.xml, Context.groovy}.
2018-03-16 17:16:04.221  INFO 20076 --- [    Test worker] .b.t.c.SpringBootTestContextBootstrapper : Loaded default TestExecutionListener class names from location [META-INF/spring.factories]: [org.springframework.boot.test.autoconfigure.restdocs.RestDocsTestExecutionListener, org.springframework.boot.test.autoconfigure.web.client.MockRestServiceServerResetTestExecutionListener, org.springframework.boot.test.autoconfigure.web.servlet.MockMvcPrintOnlyOnFailureTestExecutionListener, org.springframework.boot.test.autoconfigure.web.servlet.WebDriverTestExecutionListener, org.springframework.boot.test.mock.mockito.MockitoTestExecutionListener, org.springframework.boot.test.mock.mockito.ResetMocksTestExecutionListener, org.springframework.test.context.web.ServletTestExecutionListener, org.springframework.test.context.support.DirtiesContextBeforeModesTestExecutionListener, org.springframework.test.context.support.DependencyInjectionTestExecutionListener, org.springframework.test.context.support.DirtiesContextTestExecutionListener, org.springframework.test.context.transaction.TransactionalTestExecutionListener, org.springframework.test.context.jdbc.SqlScriptsTestExecutionListener]
2018-03-16 17:16:04.223  INFO 20076 --- [    Test worker] .b.t.c.SpringBootTestContextBootstrapper : Using TestExecutionListeners: [org.springframework.test.context.support.DirtiesContextBeforeModesTestExecutionListener@6cfe29ec, org.springframework.boot.test.mock.mockito.MockitoTestExecutionListener@e8f04ab, org.springframework.boot.test.autoconfigure.SpringBootDependencyInjectionTestExecutionListener@343bdb3b, org.springframework.test.context.support.DirtiesContextTestExecutionListener@4e71b001, org.springframework.test.context.transaction.TransactionalTestExecutionListener@53dd516a, org.springframework.test.context.jdbc.SqlScriptsTestExecutionListener@2501bde6, org.springframework.boot.test.autoconfigure.restdocs.RestDocsTestExecutionListener@4f09487e, org.springframework.boot.test.autoconfigure.web.client.MockRestServiceServerResetTestExecutionListener@cbb0826, org.springframework.boot.test.autoconfigure.web.servlet.MockMvcPrintOnlyOnFailureTestExecutionListener@35d45eda, org.springframework.boot.test.autoconfigure.web.servlet.WebDriverTestExecutionListener@1d923b0b, org.springframework.boot.test.mock.mockito.ResetMocksTestExecutionListener@18ddda7f]
2018-03-16 17:16:04.223  INFO 20076 --- [    Test worker] o.s.b.f.s.DefaultListableBeanFactory     : Replacing scope 'cucumber-glue' from [cucumber.runtime.java.spring.GlueCodeScope@a841556] to [cucumber.runtime.java.spring.GlueCodeScope@4cf30b7a]
]]></system-out>
  <system-err><![CDATA[]]></system-err>
</testsuite>
