<?xml version="1.0" encoding="UTF-8"?>
<testsuite name="Scenario: the client deletes a payment" tests="8" skipped="0" failures="0" errors="0" timestamp="2018-03-16T16:20:17" hostname="b-0426.local" time="0.033">
  <properties/>
  <testcase name="Given the db is clean" classname="Scenario: the client deletes a payment" time="0.0"/>
  <testcase name="When the client GET /payments" classname="Scenario: the client deletes a payment" time="0.0"/>
  <testcase name="And the client receives 0 payments" classname="Scenario: the client deletes a payment" time="0.0"/>
  <testcase name="Given the client POST 1 mock" classname="Scenario: the client deletes a payment" time="0.0"/>
  <testcase name="When the client DELETE a payment" classname="Scenario: the client deletes a payment" time="0.0"/>
  <testcase name="And the client GET a payment" classname="Scenario: the client deletes a payment" time="0.0"/>
  <testcase name="Then the client receives status code of 404" classname="Scenario: the client deletes a payment" time="0.0"/>
  <testcase name="classMethod" classname="Scenario: the client deletes a payment" time="0.043"/>
  <system-out><![CDATA[2018-03-16 16:20:17.420  INFO 19389 --- [    Test worker] o.s.t.c.support.AbstractContextLoader    : Could not detect default resource locations for test class [playground.SpringIntegrationTest]: no resource found for suffixes {-context.xml, Context.groovy}.
2018-03-16 16:20:17.422  INFO 19389 --- [    Test worker] .b.t.c.SpringBootTestContextBootstrapper : Loaded default TestExecutionListener class names from location [META-INF/spring.factories]: [org.springframework.boot.test.autoconfigure.restdocs.RestDocsTestExecutionListener, org.springframework.boot.test.autoconfigure.web.client.MockRestServiceServerResetTestExecutionListener, org.springframework.boot.test.autoconfigure.web.servlet.MockMvcPrintOnlyOnFailureTestExecutionListener, org.springframework.boot.test.autoconfigure.web.servlet.WebDriverTestExecutionListener, org.springframework.boot.test.mock.mockito.MockitoTestExecutionListener, org.springframework.boot.test.mock.mockito.ResetMocksTestExecutionListener, org.springframework.test.context.web.ServletTestExecutionListener, org.springframework.test.context.support.DirtiesContextBeforeModesTestExecutionListener, org.springframework.test.context.support.DependencyInjectionTestExecutionListener, org.springframework.test.context.support.DirtiesContextTestExecutionListener, org.springframework.test.context.transaction.TransactionalTestExecutionListener, org.springframework.test.context.jdbc.SqlScriptsTestExecutionListener]
2018-03-16 16:20:17.423  INFO 19389 --- [    Test worker] .b.t.c.SpringBootTestContextBootstrapper : Using TestExecutionListeners: [org.springframework.test.context.support.DirtiesContextBeforeModesTestExecutionListener@a1c93e8, org.springframework.boot.test.mock.mockito.MockitoTestExecutionListener@7abba12a, org.springframework.boot.test.autoconfigure.SpringBootDependencyInjectionTestExecutionListener@7c4199ae, org.springframework.test.context.support.DirtiesContextTestExecutionListener@53c02386, org.springframework.test.context.transaction.TransactionalTestExecutionListener@3d2d69c5, org.springframework.test.context.jdbc.SqlScriptsTestExecutionListener@1a383dbb, org.springframework.boot.test.autoconfigure.restdocs.RestDocsTestExecutionListener@6ac45bbb, org.springframework.boot.test.autoconfigure.web.client.MockRestServiceServerResetTestExecutionListener@38ca9976, org.springframework.boot.test.autoconfigure.web.servlet.MockMvcPrintOnlyOnFailureTestExecutionListener@6e7faceb, org.springframework.boot.test.autoconfigure.web.servlet.WebDriverTestExecutionListener@3571917a, org.springframework.boot.test.mock.mockito.ResetMocksTestExecutionListener@7d201dec]
2018-03-16 16:20:17.424  INFO 19389 --- [    Test worker] o.s.b.f.s.DefaultListableBeanFactory     : Replacing scope 'cucumber-glue' from [cucumber.runtime.java.spring.GlueCodeScope@26a40b18] to [cucumber.runtime.java.spring.GlueCodeScope@11cd2a17]

  Scenario: the client updates with no id        ?[90m# cucumber.feature:20?[0m
    ?[32mGiven ?[0m?[32mthe client POST ?[0m?[32m?[1m1?[0m?[32m mock?[0m                 ?[90m# StepDefs.mockNData(Integer)?[0m
    ?[32mWhen ?[0m?[32mthe client updates a payment with no id?[0m ?[90m# StepDefs.updateNoId()?[0m
    ?[32mThen ?[0m?[32mthe client receives status code of ?[0m?[32m?[1m400?[0m  ?[90m# StepDefs.clientReceivesCode(int)?[0m
]]></system-out>
  <system-err><![CDATA[]]></system-err>
</testsuite>
