<?xml version="1.0" encoding="UTF-8"?>
<testsuite name="Scenario: the client deletes a payment" tests="8" skipped="0" failures="0" errors="0" timestamp="2018-03-16T16:14:28" hostname="b-0426.local" time="0.041">
  <properties/>
  <testcase name="Given the db is clean" classname="Scenario: the client deletes a payment" time="0.0"/>
  <testcase name="When the client GET /payments" classname="Scenario: the client deletes a payment" time="0.0"/>
  <testcase name="And the client receives 0 payments" classname="Scenario: the client deletes a payment" time="0.0"/>
  <testcase name="Given the client POST 1 mock" classname="Scenario: the client deletes a payment" time="0.0"/>
  <testcase name="When the client DELETE a payment" classname="Scenario: the client deletes a payment" time="0.0"/>
  <testcase name="And the client GET a payment" classname="Scenario: the client deletes a payment" time="0.0"/>
  <testcase name="Then the client receives status code of 404" classname="Scenario: the client deletes a payment" time="0.0"/>
  <testcase name="classMethod" classname="Scenario: the client deletes a payment" time="0.052"/>
  <system-out><![CDATA[2018-03-16 16:14:28.505  INFO 19250 --- [    Test worker] o.s.t.c.support.AbstractContextLoader    : Could not detect default resource locations for test class [playground.SpringIntegrationTest]: no resource found for suffixes {-context.xml, Context.groovy}.
2018-03-16 16:14:28.508  INFO 19250 --- [    Test worker] .b.t.c.SpringBootTestContextBootstrapper : Loaded default TestExecutionListener class names from location [META-INF/spring.factories]: [org.springframework.boot.test.autoconfigure.restdocs.RestDocsTestExecutionListener, org.springframework.boot.test.autoconfigure.web.client.MockRestServiceServerResetTestExecutionListener, org.springframework.boot.test.autoconfigure.web.servlet.MockMvcPrintOnlyOnFailureTestExecutionListener, org.springframework.boot.test.autoconfigure.web.servlet.WebDriverTestExecutionListener, org.springframework.boot.test.mock.mockito.MockitoTestExecutionListener, org.springframework.boot.test.mock.mockito.ResetMocksTestExecutionListener, org.springframework.test.context.web.ServletTestExecutionListener, org.springframework.test.context.support.DirtiesContextBeforeModesTestExecutionListener, org.springframework.test.context.support.DependencyInjectionTestExecutionListener, org.springframework.test.context.support.DirtiesContextTestExecutionListener, org.springframework.test.context.transaction.TransactionalTestExecutionListener, org.springframework.test.context.jdbc.SqlScriptsTestExecutionListener]
2018-03-16 16:14:28.509  INFO 19250 --- [    Test worker] .b.t.c.SpringBootTestContextBootstrapper : Using TestExecutionListeners: [org.springframework.test.context.support.DirtiesContextBeforeModesTestExecutionListener@6890a5d1, org.springframework.boot.test.mock.mockito.MockitoTestExecutionListener@3b3bfd69, org.springframework.boot.test.autoconfigure.SpringBootDependencyInjectionTestExecutionListener@fba7ee4, org.springframework.test.context.support.DirtiesContextTestExecutionListener@65ed879, org.springframework.test.context.transaction.TransactionalTestExecutionListener@6b8d5b4e, org.springframework.test.context.jdbc.SqlScriptsTestExecutionListener@f3923e3, org.springframework.boot.test.autoconfigure.restdocs.RestDocsTestExecutionListener@532821be, org.springframework.boot.test.autoconfigure.web.client.MockRestServiceServerResetTestExecutionListener@23c5b6b2, org.springframework.boot.test.autoconfigure.web.servlet.MockMvcPrintOnlyOnFailureTestExecutionListener@2213deaf, org.springframework.boot.test.autoconfigure.web.servlet.WebDriverTestExecutionListener@6473c735, org.springframework.boot.test.mock.mockito.ResetMocksTestExecutionListener@76c43fd4]
2018-03-16 16:14:28.509  INFO 19250 --- [    Test worker] o.s.b.f.s.DefaultListableBeanFactory     : Replacing scope 'cucumber-glue' from [cucumber.runtime.java.spring.GlueCodeScope@6f7b79cb] to [cucumber.runtime.java.spring.GlueCodeScope@783a7798]

  Scenario: the client updates with no id        ?[90m# cucumber.feature:20?[0m
    ?[32mGiven ?[0m?[32mthe client POST ?[0m?[32m?[1m1?[0m?[32m mock?[0m                 ?[90m# StepDefs.mockNData(Integer)?[0m
    ?[32mWhen ?[0m?[32mthe client updates a payment with no id?[0m ?[90m# StepDefs.updateNoId()?[0m
    ?[32mThen ?[0m?[32mthe client receives status code of ?[0m?[32m?[1m400?[0m  ?[90m# StepDefs.clientReceivesCode(int)?[0m
]]></system-out>
  <system-err><![CDATA[]]></system-err>
</testsuite>
