<?xml version="1.0" encoding="UTF-8"?>
<testsuite name="| mark | 0 |" tests="7" skipped="0" failures="0" errors="0" timestamp="2018-03-16T16:20:17" hostname="b-0426.local" time="0.098">
  <properties/>
  <testcase name="Given the db is clean" classname="| mark | 0 |" time="0.0"/>
  <testcase name="When the client GET /payments" classname="| mark | 0 |" time="0.0"/>
  <testcase name="And the client receives 0 payments" classname="| mark | 0 |" time="0.0"/>
  <testcase name="Given the client POST 15 mocks" classname="| mark | 0 |" time="0.0"/>
  <testcase name="When the client GET /payments with beneficiaryName &quot;mark&quot;" classname="| mark | 0 |" time="0.0"/>
  <testcase name="Then the client receives 0 payments" classname="| mark | 0 |" time="0.0"/>
  <testcase name="classMethod" classname="| mark | 0 |" time="0.11"/>
  <system-out><![CDATA[2018-03-16 16:20:17.696  INFO 19389 --- [    Test worker] o.s.t.c.support.AbstractContextLoader    : Could not detect default resource locations for test class [playground.SpringIntegrationTest]: no resource found for suffixes {-context.xml, Context.groovy}.
2018-03-16 16:20:17.699  INFO 19389 --- [    Test worker] .b.t.c.SpringBootTestContextBootstrapper : Loaded default TestExecutionListener class names from location [META-INF/spring.factories]: [org.springframework.boot.test.autoconfigure.restdocs.RestDocsTestExecutionListener, org.springframework.boot.test.autoconfigure.web.client.MockRestServiceServerResetTestExecutionListener, org.springframework.boot.test.autoconfigure.web.servlet.MockMvcPrintOnlyOnFailureTestExecutionListener, org.springframework.boot.test.autoconfigure.web.servlet.WebDriverTestExecutionListener, org.springframework.boot.test.mock.mockito.MockitoTestExecutionListener, org.springframework.boot.test.mock.mockito.ResetMocksTestExecutionListener, org.springframework.test.context.web.ServletTestExecutionListener, org.springframework.test.context.support.DirtiesContextBeforeModesTestExecutionListener, org.springframework.test.context.support.DependencyInjectionTestExecutionListener, org.springframework.test.context.support.DirtiesContextTestExecutionListener, org.springframework.test.context.transaction.TransactionalTestExecutionListener, org.springframework.test.context.jdbc.SqlScriptsTestExecutionListener]
2018-03-16 16:20:17.700  INFO 19389 --- [    Test worker] .b.t.c.SpringBootTestContextBootstrapper : Using TestExecutionListeners: [org.springframework.test.context.support.DirtiesContextBeforeModesTestExecutionListener@1d923b0b, org.springframework.boot.test.mock.mockito.MockitoTestExecutionListener@18ddda7f, org.springframework.boot.test.autoconfigure.SpringBootDependencyInjectionTestExecutionListener@4cf30b7a, org.springframework.test.context.support.DirtiesContextTestExecutionListener@5b46aeb0, org.springframework.test.context.transaction.TransactionalTestExecutionListener@57009cb0, org.springframework.test.context.jdbc.SqlScriptsTestExecutionListener@2178aa0d, org.springframework.boot.test.autoconfigure.restdocs.RestDocsTestExecutionListener@7504cd83, org.springframework.boot.test.autoconfigure.web.client.MockRestServiceServerResetTestExecutionListener@1bd9debd, org.springframework.boot.test.autoconfigure.web.servlet.MockMvcPrintOnlyOnFailureTestExecutionListener@48ef346a, org.springframework.boot.test.autoconfigure.web.servlet.WebDriverTestExecutionListener@2ca3d7b8, org.springframework.boot.test.mock.mockito.ResetMocksTestExecutionListener@7f986f7a]
2018-03-16 16:20:17.701  INFO 19389 --- [    Test worker] o.s.b.f.s.DefaultListableBeanFactory     : Replacing scope 'cucumber-glue' from [cucumber.runtime.java.spring.GlueCodeScope@53dd516a] to [cucumber.runtime.java.spring.GlueCodeScope@2ae17a02]

  Scenario Outline: the client gets payments by beneficiaryName   ?[90m# cucumber.feature:44?[0m
    ?[32mGiven ?[0m?[32mthe client POST ?[0m?[32m?[1m15?[0m?[32m mocks?[0m                                ?[90m# StepDefs.mockNData(Integer)?[0m
    ?[32mWhen ?[0m?[32mthe client GET /payments with beneficiaryName "?[0m?[32m?[1mjeremiah?[0m?[32m"?[0m ?[90m# StepDefs.clientGetsPayments(String)?[0m
    ?[32mThen ?[0m?[32mthe client receives ?[0m?[32m?[1m15?[0m?[32m payments?[0m                          ?[90m# StepDefs.clientReceivesArrayOfLength(int)?[0m
]]></system-out>
  <system-err><![CDATA[]]></system-err>
</testsuite>
