<?xml version="1.0" encoding="UTF-8"?>
<testsuite name="Scenario: the client updates with no id" tests="7" skipped="0" failures="0" errors="0" timestamp="2018-03-16T16:14:28" hostname="b-0426.local" time="0.033">
  <properties/>
  <testcase name="Given the db is clean" classname="Scenario: the client updates with no id" time="0.0"/>
  <testcase name="When the client GET /payments" classname="Scenario: the client updates with no id" time="0.0"/>
  <testcase name="And the client receives 0 payments" classname="Scenario: the client updates with no id" time="0.0"/>
  <testcase name="Given the client POST 1 mock" classname="Scenario: the client updates with no id" time="0.0"/>
  <testcase name="When the client updates a payment with no id" classname="Scenario: the client updates with no id" time="0.0"/>
  <testcase name="Then the client receives status code of 400" classname="Scenario: the client updates with no id" time="0.0"/>
  <testcase name="classMethod" classname="Scenario: the client updates with no id" time="0.044"/>
  <system-out><![CDATA[2018-03-16 16:14:28.461  INFO 19250 --- [    Test worker] o.s.t.c.support.AbstractContextLoader    : Could not detect default resource locations for test class [playground.SpringIntegrationTest]: no resource found for suffixes {-context.xml, Context.groovy}.
2018-03-16 16:14:28.464  INFO 19250 --- [    Test worker] .b.t.c.SpringBootTestContextBootstrapper : Loaded default TestExecutionListener class names from location [META-INF/spring.factories]: [org.springframework.boot.test.autoconfigure.restdocs.RestDocsTestExecutionListener, org.springframework.boot.test.autoconfigure.web.client.MockRestServiceServerResetTestExecutionListener, org.springframework.boot.test.autoconfigure.web.servlet.MockMvcPrintOnlyOnFailureTestExecutionListener, org.springframework.boot.test.autoconfigure.web.servlet.WebDriverTestExecutionListener, org.springframework.boot.test.mock.mockito.MockitoTestExecutionListener, org.springframework.boot.test.mock.mockito.ResetMocksTestExecutionListener, org.springframework.test.context.web.ServletTestExecutionListener, org.springframework.test.context.support.DirtiesContextBeforeModesTestExecutionListener, org.springframework.test.context.support.DependencyInjectionTestExecutionListener, org.springframework.test.context.support.DirtiesContextTestExecutionListener, org.springframework.test.context.transaction.TransactionalTestExecutionListener, org.springframework.test.context.jdbc.SqlScriptsTestExecutionListener]
2018-03-16 16:14:28.465  INFO 19250 --- [    Test worker] .b.t.c.SpringBootTestContextBootstrapper : Using TestExecutionListeners: [org.springframework.test.context.support.DirtiesContextBeforeModesTestExecutionListener@29603ff6, org.springframework.boot.test.mock.mockito.MockitoTestExecutionListener@11a8f170, org.springframework.boot.test.autoconfigure.SpringBootDependencyInjectionTestExecutionListener@58776d5f, org.springframework.test.context.support.DirtiesContextTestExecutionListener@49196c7e, org.springframework.test.context.transaction.TransactionalTestExecutionListener@61ae6524, org.springframework.test.context.jdbc.SqlScriptsTestExecutionListener@37db2b10, org.springframework.boot.test.autoconfigure.restdocs.RestDocsTestExecutionListener@54a5b521, org.springframework.boot.test.autoconfigure.web.client.MockRestServiceServerResetTestExecutionListener@56dd4957, org.springframework.boot.test.autoconfigure.web.servlet.MockMvcPrintOnlyOnFailureTestExecutionListener@44c891ed, org.springframework.boot.test.autoconfigure.web.servlet.WebDriverTestExecutionListener@2a25b1cf, org.springframework.boot.test.mock.mockito.ResetMocksTestExecutionListener@53d00517]
2018-03-16 16:14:28.466  INFO 19250 --- [    Test worker] o.s.b.f.s.DefaultListableBeanFactory     : Replacing scope 'cucumber-glue' from [cucumber.runtime.java.spring.GlueCodeScope@509f0843] to [cucumber.runtime.java.spring.GlueCodeScope@6f7b79cb]

  Scenario: the client posts with id            ?[90m# cucumber.feature:16?[0m
    ?[32mWhen ?[0m?[32mthe client POST a mock with id?[0m         ?[90m# StepDefs.mockDataWithId()?[0m
    ?[32mThen ?[0m?[32mthe client receives status code of ?[0m?[32m?[1m400?[0m ?[90m# StepDefs.clientReceivesCode(int)?[0m
]]></system-out>
  <system-err><![CDATA[]]></system-err>
</testsuite>
