<?xml version="1.0" encoding="UTF-8"?>
<testsuite name="Scenario: the client updates a payment" tests="6" skipped="0" failures="0" errors="0" timestamp="2018-03-16T17:16:03" hostname="b-0426.local" time="0.107">
  <properties/>
  <testcase name="Given the db is clean" classname="Scenario: the client updates a payment" time="0.001"/>
  <testcase name="When the client GET /payments" classname="Scenario: the client updates a payment" time="0.0"/>
  <testcase name="And the client receives 0 payments" classname="Scenario: the client updates a payment" time="0.0"/>
  <testcase name="Given the client POST 1 mock" classname="Scenario: the client updates a payment" time="0.0"/>
  <testcase name="When the client updates a payment with value &quot;Updated Payment&quot; on the type field" classname="Scenario: the client updates a payment" time="0.0"/>
  <testcase name="classMethod" classname="Scenario: the client updates a payment" time="0.12"/>
  <system-out><![CDATA[2018-03-16 17:16:03.887  INFO 20076 --- [    Test worker] o.s.t.c.support.AbstractContextLoader    : Could not detect default resource locations for test class [playground.SpringIntegrationTest]: no resource found for suffixes {-context.xml, Context.groovy}.
2018-03-16 17:16:03.890  INFO 20076 --- [    Test worker] .b.t.c.SpringBootTestContextBootstrapper : Loaded default TestExecutionListener class names from location [META-INF/spring.factories]: [org.springframework.boot.test.autoconfigure.restdocs.RestDocsTestExecutionListener, org.springframework.boot.test.autoconfigure.web.client.MockRestServiceServerResetTestExecutionListener, org.springframework.boot.test.autoconfigure.web.servlet.MockMvcPrintOnlyOnFailureTestExecutionListener, org.springframework.boot.test.autoconfigure.web.servlet.WebDriverTestExecutionListener, org.springframework.boot.test.mock.mockito.MockitoTestExecutionListener, org.springframework.boot.test.mock.mockito.ResetMocksTestExecutionListener, org.springframework.test.context.web.ServletTestExecutionListener, org.springframework.test.context.support.DirtiesContextBeforeModesTestExecutionListener, org.springframework.test.context.support.DependencyInjectionTestExecutionListener, org.springframework.test.context.support.DirtiesContextTestExecutionListener, org.springframework.test.context.transaction.TransactionalTestExecutionListener, org.springframework.test.context.jdbc.SqlScriptsTestExecutionListener]
2018-03-16 17:16:03.891  INFO 20076 --- [    Test worker] .b.t.c.SpringBootTestContextBootstrapper : Using TestExecutionListeners: [org.springframework.test.context.support.DirtiesContextBeforeModesTestExecutionListener@7765cfa6, org.springframework.boot.test.mock.mockito.MockitoTestExecutionListener@5109019e, org.springframework.boot.test.autoconfigure.SpringBootDependencyInjectionTestExecutionListener@57c42f04, org.springframework.test.context.support.DirtiesContextTestExecutionListener@3e571bbf, org.springframework.test.context.transaction.TransactionalTestExecutionListener@6716fb2c, org.springframework.test.context.jdbc.SqlScriptsTestExecutionListener@7e8a03a1, org.springframework.boot.test.autoconfigure.restdocs.RestDocsTestExecutionListener@840af7b, org.springframework.boot.test.autoconfigure.web.client.MockRestServiceServerResetTestExecutionListener@e4cd72f, org.springframework.boot.test.autoconfigure.web.servlet.MockMvcPrintOnlyOnFailureTestExecutionListener@5e538251, org.springframework.boot.test.autoconfigure.web.servlet.WebDriverTestExecutionListener@706a0531, org.springframework.boot.test.mock.mockito.ResetMocksTestExecutionListener@7ddc4730]
2018-03-16 17:16:03.891  INFO 20076 --- [    Test worker] o.s.b.f.s.DefaultListableBeanFactory     : Replacing scope 'cucumber-glue' from [cucumber.runtime.java.spring.GlueCodeScope@1541020b] to [cucumber.runtime.java.spring.GlueCodeScope@57425bf8]

  Scenario: reactive POST        ?[90m# cucumber.feature:9?[0m
    ?[32mGiven ?[0m?[32mthe client POST ?[0m?[32m?[1m1?[0m?[32m mock?[0m ?[90m# StepDefs.mockNData(Integer)?[0m
]]></system-out>
  <system-err><![CDATA[]]></system-err>
</testsuite>
