<?xml version="1.0" encoding="UTF-8"?>
<testsuite name="Scenario: reactive POST" tests="5" skipped="0" failures="0" errors="0" timestamp="2018-03-16T17:16:03" hostname="b-0426.local" time="0.397">
  <properties/>
  <testcase name="Given the db is clean" classname="Scenario: reactive POST" time="0.0"/>
  <testcase name="When the client GET /payments" classname="Scenario: reactive POST" time="0.001"/>
  <testcase name="And the client receives 0 payments" classname="Scenario: reactive POST" time="0.0"/>
  <testcase name="Given the client POST 1 mock" classname="Scenario: reactive POST" time="0.0"/>
  <testcase name="classMethod" classname="Scenario: reactive POST" time="4.92"/>
  <system-out><![CDATA[
  .   ____          _            __ _ _
 /\\ / ___'_ __ _ _(_)_ __  __ _ \ \ \ \
( ( )\___ | '_ | '_| | '_ \/ _` | \ \ \ \
 \\/  ___)| |_)| | | | | || (_| |  ) ) ) )
  '  |____| .__|_| |_|_| |_\__, | / / / /
 =========|_|==============|___/=/_/_/_/
 :: Spring Boot ::        (v2.0.0.RELEASE)

2018-03-16 17:15:59.671  WARN 20076 --- [    Test worker] ory$DuplicateJsonObjectContextCustomizer : 

Found multiple occurrences of org.json.JSONObject on the class path:

	jar:file:/Users/matteo.casu/.gradle/caches/modules-2/files-2.1/org.json/json/20160212/a742e3f85161835b95877478c5dd5b405cefaab9/json-20160212.jar!/org/json/JSONObject.class
	jar:file:/Users/matteo.casu/.gradle/caches/modules-2/files-2.1/com.vaadin.external.google/android-json/0.0.20131108.vaadin1/fa26d351fe62a6a17f5cda1287c1c6110dec413f/android-json-0.0.20131108.vaadin1.jar!/org/json/JSONObject.class

You may wish to exclude one of them to ensure predictable runtime behavior

2018-03-16 17:15:59.688  INFO 20076 --- [    Test worker] playground.StepDefs                      : Starting StepDefs on b-0426.local with PID 20076 (started by matteo.casu in /Users/matteo.casu/Documents/workspace/spring-data-playground)
2018-03-16 17:15:59.689  INFO 20076 --- [    Test worker] playground.StepDefs                      : No active profile set, falling back to default profiles: default
2018-03-16 17:15:59.742  INFO 20076 --- [    Test worker] onfigReactiveWebServerApplicationContext : Refreshing org.springframework.boot.web.reactive.context.AnnotationConfigReactiveWebServerApplicationContext@12c0f359: startup date [Fri Mar 16 17:15:59 GMT 2018]; root of context hierarchy
2018-03-16 17:16:00.918  INFO 20076 --- [    Test worker] s.w.r.r.m.a.RequestMappingHandlerMapping : Mapped "{[/payments],methods=[GET]}" onto public reactor.core.publisher.Flux<playground.model.Payment> playground.web.Controller.getAll(java.lang.String)
2018-03-16 17:16:00.920  INFO 20076 --- [    Test worker] s.w.r.r.m.a.RequestMappingHandlerMapping : Mapped "{[/payments/mock],methods=[GET]}" onto public reactor.core.publisher.Flux<playground.model.Payment> playground.web.Controller.getMock()
2018-03-16 17:16:00.920  INFO 20076 --- [    Test worker] s.w.r.r.m.a.RequestMappingHandlerMapping : Mapped "{[/payments/{id}],methods=[GET]}" onto public reactor.core.publisher.Mono<playground.model.Payment> playground.web.Controller.getPayment(java.lang.String)
2018-03-16 17:16:00.921  INFO 20076 --- [    Test worker] s.w.r.r.m.a.RequestMappingHandlerMapping : Mapped "{[/payments],methods=[POST]}" onto public reactor.core.publisher.Mono<playground.model.Payment> playground.web.Controller.postPayment(playground.model.Payment)
2018-03-16 17:16:00.922  INFO 20076 --- [    Test worker] s.w.r.r.m.a.RequestMappingHandlerMapping : Mapped "{[/payments/{id}],methods=[PUT]}" onto public reactor.core.publisher.Mono<playground.model.Payment> playground.web.Controller.updateCustomer(playground.model.Payment,java.lang.String)
2018-03-16 17:16:00.922  INFO 20076 --- [    Test worker] s.w.r.r.m.a.RequestMappingHandlerMapping : Mapped "{[/payments],methods=[DELETE]}" onto public reactor.core.publisher.Mono<java.lang.Void> playground.web.Controller.deleteAll()
2018-03-16 17:16:00.923  INFO 20076 --- [    Test worker] s.w.r.r.m.a.RequestMappingHandlerMapping : Mapped "{[/payments/{id}],methods=[DELETE]}" onto public reactor.core.publisher.Mono<java.lang.Void> playground.web.Controller.deletePayment(java.lang.String)
2018-03-16 17:16:01.219  INFO 20076 --- [    Test worker] org.mongodb.driver.cluster               : Cluster created with settings {hosts=[127.0.0.1:27017], mode=SINGLE, requiredClusterType=UNKNOWN, serverSelectionTimeout='30000 ms', maxWaitQueueSize=500}
2018-03-16 17:16:01.323  INFO 20076 --- [127.0.0.1:27017] org.mongodb.driver.connection            : Opened connection [connectionId{localValue:1, serverValue:114}] to 127.0.0.1:27017
2018-03-16 17:16:01.331  INFO 20076 --- [127.0.0.1:27017] org.mongodb.driver.cluster               : Monitor thread successfully connected to server with description ServerDescription{address=127.0.0.1:27017, type=STANDALONE, state=CONNECTED, ok=true, version=ServerVersion{versionList=[3, 6, 3]}, minWireVersion=0, maxWireVersion=6, maxDocumentSize=16777216, logicalSessionTimeoutMinutes=30, roundTripTimeNanos=3370594}
2018-03-16 17:16:01.848  INFO 20076 --- [    Test worker] .b.a.e.w.r.WebFluxEndpointHandlerMapping : Mapped "{[/actuator/health],methods=[GET],produces=[application/vnd.spring-boot.actuator.v2+json || application/json]}" onto public org.reactivestreams.Publisher<org.springframework.http.ResponseEntity<java.lang.Object>> org.springframework.boot.actuate.endpoint.web.reactive.AbstractWebFluxEndpointHandlerMapping$ReadOperationHandler.handle(org.springframework.web.server.ServerWebExchange)
2018-03-16 17:16:01.850  INFO 20076 --- [    Test worker] .b.a.e.w.r.WebFluxEndpointHandlerMapping : Mapped "{[/actuator/info],methods=[GET],produces=[application/vnd.spring-boot.actuator.v2+json || application/json]}" onto public org.reactivestreams.Publisher<org.springframework.http.ResponseEntity<java.lang.Object>> org.springframework.boot.actuate.endpoint.web.reactive.AbstractWebFluxEndpointHandlerMapping$ReadOperationHandler.handle(org.springframework.web.server.ServerWebExchange)
2018-03-16 17:16:01.851  INFO 20076 --- [    Test worker] .b.a.e.w.r.WebFluxEndpointHandlerMapping : Mapped "{[/actuator],methods=[GET],produces=[application/vnd.spring-boot.actuator.v2+json || application/json]}" onto protected java.util.Map<java.lang.String, java.util.Map<java.lang.String, org.springframework.boot.actuate.endpoint.web.Link>> org.springframework.boot.actuate.endpoint.web.reactive.WebFluxEndpointHandlerMapping.links(org.springframework.web.server.ServerWebExchange)
2018-03-16 17:16:01.925  INFO 20076 --- [    Test worker] o.s.w.r.r.m.a.ControllerMethodResolver   : Looking for @ControllerAdvice: org.springframework.boot.web.reactive.context.AnnotationConfigReactiveWebServerApplicationContext@12c0f359: startup date [Fri Mar 16 17:15:59 GMT 2018]; root of context hierarchy
2018-03-16 17:16:02.355  INFO 20076 --- [    Test worker] org.mongodb.driver.cluster               : Cluster created with settings {hosts=[127.0.0.1:27017], mode=SINGLE, requiredClusterType=UNKNOWN, serverSelectionTimeout='30000 ms', maxWaitQueueSize=500}
2018-03-16 17:16:02.361  INFO 20076 --- [127.0.0.1:27017] org.mongodb.driver.connection            : Opened connection [connectionId{localValue:2, serverValue:115}] to 127.0.0.1:27017
2018-03-16 17:16:02.362  INFO 20076 --- [127.0.0.1:27017] org.mongodb.driver.cluster               : Monitor thread successfully connected to server with description ServerDescription{address=127.0.0.1:27017, type=STANDALONE, state=CONNECTED, ok=true, version=ServerVersion{versionList=[3, 6, 3]}, minWireVersion=0, maxWireVersion=6, maxDocumentSize=16777216, logicalSessionTimeoutMinutes=30, roundTripTimeNanos=880956}
2018-03-16 17:16:02.627  INFO 20076 --- [    Test worker] org.mongodb.driver.cluster               : Cluster created with settings {hosts=[localhost:27017], mode=SINGLE, requiredClusterType=UNKNOWN, serverSelectionTimeout='30000 ms', maxWaitQueueSize=500}
2018-03-16 17:16:02.642  INFO 20076 --- [localhost:27017] org.mongodb.driver.connection            : Opened connection [connectionId{localValue:3, serverValue:116}] to localhost:27017
2018-03-16 17:16:02.643  INFO 20076 --- [localhost:27017] org.mongodb.driver.cluster               : Monitor thread successfully connected to server with description ServerDescription{address=localhost:27017, type=STANDALONE, state=CONNECTED, ok=true, version=ServerVersion{versionList=[3, 6, 3]}, minWireVersion=0, maxWireVersion=6, maxDocumentSize=16777216, logicalSessionTimeoutMinutes=30, roundTripTimeNanos=586744}
2018-03-16 17:16:02.697  INFO 20076 --- [    Test worker] org.mongodb.driver.cluster               : Cluster created with settings {hosts=[localhost:27017], mode=SINGLE, requiredClusterType=UNKNOWN, serverSelectionTimeout='30000 ms', maxWaitQueueSize=500}
2018-03-16 17:16:02.802  INFO 20076 --- [localhost:27017] org.mongodb.driver.connection            : Opened connection [connectionId{localValue:4, serverValue:117}] to localhost:27017
2018-03-16 17:16:02.808  INFO 20076 --- [localhost:27017] org.mongodb.driver.cluster               : Monitor thread successfully connected to server with description ServerDescription{address=localhost:27017, type=STANDALONE, state=CONNECTED, ok=true, version=ServerVersion{versionList=[3, 6, 3]}, minWireVersion=0, maxWireVersion=6, maxDocumentSize=16777216, logicalSessionTimeoutMinutes=30, roundTripTimeNanos=5025603}
2018-03-16 17:16:03.128  INFO 20076 --- [server-kqueue-9] r.ipc.netty.tcp.BlockingNettyContext     : Started HttpServer on /0:0:0:0:0:0:0:0%0:8080
2018-03-16 17:16:03.130  INFO 20076 --- [    Test worker] o.s.b.web.embedded.netty.NettyWebServer  : Netty started on port(s): 8080
2018-03-16 17:16:03.134  INFO 20076 --- [    Test worker] playground.StepDefs                      : Started StepDefs in 3.819 seconds (JVM running for 5.09)
2018-03-16 17:16:03.459  INFO 20076 --- [       Thread-7] org.mongodb.driver.connection            : Opened connection [connectionId{localValue:5, serverValue:118}] to 127.0.0.1:27017
]]></system-out>
  <system-err><![CDATA[Mar 16, 2018 5:15:59 PM org.springframework.test.context.support.AbstractContextLoader generateDefaultLocations
INFO: Could not detect default resource locations for test class [playground.SpringIntegrationTest]: no resource found for suffixes {-context.xml, Context.groovy}.
Mar 16, 2018 5:15:59 PM org.springframework.boot.test.context.SpringBootTestContextBootstrapper getDefaultTestExecutionListenerClassNames
INFO: Loaded default TestExecutionListener class names from location [META-INF/spring.factories]: [org.springframework.boot.test.autoconfigure.restdocs.RestDocsTestExecutionListener, org.springframework.boot.test.autoconfigure.web.client.MockRestServiceServerResetTestExecutionListener, org.springframework.boot.test.autoconfigure.web.servlet.MockMvcPrintOnlyOnFailureTestExecutionListener, org.springframework.boot.test.autoconfigure.web.servlet.WebDriverTestExecutionListener, org.springframework.boot.test.mock.mockito.MockitoTestExecutionListener, org.springframework.boot.test.mock.mockito.ResetMocksTestExecutionListener, org.springframework.test.context.web.ServletTestExecutionListener, org.springframework.test.context.support.DirtiesContextBeforeModesTestExecutionListener, org.springframework.test.context.support.DependencyInjectionTestExecutionListener, org.springframework.test.context.support.DirtiesContextTestExecutionListener, org.springframework.test.context.transaction.TransactionalTestExecutionListener, org.springframework.test.context.jdbc.SqlScriptsTestExecutionListener]
Mar 16, 2018 5:15:59 PM org.springframework.boot.test.context.SpringBootTestContextBootstrapper getTestExecutionListeners
INFO: Using TestExecutionListeners: [org.springframework.test.context.support.DirtiesContextBeforeModesTestExecutionListener@2f28acd6, org.springframework.boot.test.mock.mockito.MockitoTestExecutionListener@7c86f200, org.springframework.boot.test.autoconfigure.SpringBootDependencyInjectionTestExecutionListener@1b67a5e4, org.springframework.test.context.support.DirtiesContextTestExecutionListener@263942ec, org.springframework.test.context.transaction.TransactionalTestExecutionListener@4c9d04e1, org.springframework.test.context.jdbc.SqlScriptsTestExecutionListener@7c0e980, org.springframework.boot.test.autoconfigure.restdocs.RestDocsTestExecutionListener@21ae2419, org.springframework.boot.test.autoconfigure.web.client.MockRestServiceServerResetTestExecutionListener@4dec2ce2, org.springframework.boot.test.autoconfigure.web.servlet.MockMvcPrintOnlyOnFailureTestExecutionListener@69f293b2, org.springframework.boot.test.autoconfigure.web.servlet.WebDriverTestExecutionListener@697eebe5, org.springframework.boot.test.mock.mockito.ResetMocksTestExecutionListener@39a0943f]
]]></system-err>
</testsuite>
