<?xml version="1.0" encoding="UTF-8"?>
<testsuite name="| jeremiah | 15 |" tests="7" skipped="0" failures="0" errors="0" timestamp="2018-03-16T16:14:28" hostname="b-0426.local" time="0.175">
  <properties/>
  <testcase name="Given the db is clean" classname="| jeremiah | 15 |" time="0.0"/>
  <testcase name="When the client GET /payments" classname="| jeremiah | 15 |" time="0.001"/>
  <testcase name="And the client receives 0 payments" classname="| jeremiah | 15 |" time="0.0"/>
  <testcase name="Given the client POST 15 mocks" classname="| jeremiah | 15 |" time="0.0"/>
  <testcase name="When the client GET /payments with beneficiaryName &quot;jeremiah&quot;" classname="| jeremiah | 15 |" time="0.0"/>
  <testcase name="Then the client receives 15 payments" classname="| jeremiah | 15 |" time="0.0"/>
  <testcase name="classMethod" classname="| jeremiah | 15 |" time="0.185"/>
  <system-out><![CDATA[2018-03-16 16:14:28.614  INFO 19250 --- [    Test worker] o.s.t.c.support.AbstractContextLoader    : Could not detect default resource locations for test class [playground.SpringIntegrationTest]: no resource found for suffixes {-context.xml, Context.groovy}.
2018-03-16 16:14:28.617  INFO 19250 --- [    Test worker] .b.t.c.SpringBootTestContextBootstrapper : Loaded default TestExecutionListener class names from location [META-INF/spring.factories]: [org.springframework.boot.test.autoconfigure.restdocs.RestDocsTestExecutionListener, org.springframework.boot.test.autoconfigure.web.client.MockRestServiceServerResetTestExecutionListener, org.springframework.boot.test.autoconfigure.web.servlet.MockMvcPrintOnlyOnFailureTestExecutionListener, org.springframework.boot.test.autoconfigure.web.servlet.WebDriverTestExecutionListener, org.springframework.boot.test.mock.mockito.MockitoTestExecutionListener, org.springframework.boot.test.mock.mockito.ResetMocksTestExecutionListener, org.springframework.test.context.web.ServletTestExecutionListener, org.springframework.test.context.support.DirtiesContextBeforeModesTestExecutionListener, org.springframework.test.context.support.DependencyInjectionTestExecutionListener, org.springframework.test.context.support.DirtiesContextTestExecutionListener, org.springframework.test.context.transaction.TransactionalTestExecutionListener, org.springframework.test.context.jdbc.SqlScriptsTestExecutionListener]
2018-03-16 16:14:28.618  INFO 19250 --- [    Test worker] .b.t.c.SpringBootTestContextBootstrapper : Using TestExecutionListeners: [org.springframework.test.context.support.DirtiesContextBeforeModesTestExecutionListener@7c4d3b54, org.springframework.boot.test.mock.mockito.MockitoTestExecutionListener@6093b9cc, org.springframework.boot.test.autoconfigure.SpringBootDependencyInjectionTestExecutionListener@446584b8, org.springframework.test.context.support.DirtiesContextTestExecutionListener@5cbc95c3, org.springframework.test.context.transaction.TransactionalTestExecutionListener@493e929b, org.springframework.test.context.jdbc.SqlScriptsTestExecutionListener@341e1fa9, org.springframework.boot.test.autoconfigure.restdocs.RestDocsTestExecutionListener@5cb61dd6, org.springframework.boot.test.autoconfigure.web.client.MockRestServiceServerResetTestExecutionListener@641c990e, org.springframework.boot.test.autoconfigure.web.servlet.MockMvcPrintOnlyOnFailureTestExecutionListener@590b755c, org.springframework.boot.test.autoconfigure.web.servlet.WebDriverTestExecutionListener@1d2cda83, org.springframework.boot.test.mock.mockito.ResetMocksTestExecutionListener@71182c5d]
2018-03-16 16:14:28.618  INFO 19250 --- [    Test worker] o.s.b.f.s.DefaultListableBeanFactory     : Replacing scope 'cucumber-glue' from [cucumber.runtime.java.spring.GlueCodeScope@7a43c0a3] to [cucumber.runtime.java.spring.GlueCodeScope@714c1f99]
]]></system-out>
  <system-err><![CDATA[]]></system-err>
</testsuite>
