<?xml version="1.0" encoding="UTF-8"?>
<testsuite name="| jeremiah | 15 |" tests="7" skipped="0" failures="0" errors="0" timestamp="2018-03-16T16:20:17" hostname="b-0426.local" time="0.17">
  <properties/>
  <testcase name="Given the db is clean" classname="| jeremiah | 15 |" time="0.0"/>
  <testcase name="When the client GET /payments" classname="| jeremiah | 15 |" time="0.0"/>
  <testcase name="And the client receives 0 payments" classname="| jeremiah | 15 |" time="0.0"/>
  <testcase name="Given the client POST 15 mocks" classname="| jeremiah | 15 |" time="0.0"/>
  <testcase name="When the client GET /payments with beneficiaryName &quot;jeremiah&quot;" classname="| jeremiah | 15 |" time="0.0"/>
  <testcase name="Then the client receives 15 payments" classname="| jeremiah | 15 |" time="0.0"/>
  <testcase name="classMethod" classname="| jeremiah | 15 |" time="0.191"/>
  <system-out><![CDATA[2018-03-16 16:20:17.505  INFO 19389 --- [    Test worker] o.s.t.c.support.AbstractContextLoader    : Could not detect default resource locations for test class [playground.SpringIntegrationTest]: no resource found for suffixes {-context.xml, Context.groovy}.
2018-03-16 16:20:17.507  INFO 19389 --- [    Test worker] .b.t.c.SpringBootTestContextBootstrapper : Loaded default TestExecutionListener class names from location [META-INF/spring.factories]: [org.springframework.boot.test.autoconfigure.restdocs.RestDocsTestExecutionListener, org.springframework.boot.test.autoconfigure.web.client.MockRestServiceServerResetTestExecutionListener, org.springframework.boot.test.autoconfigure.web.servlet.MockMvcPrintOnlyOnFailureTestExecutionListener, org.springframework.boot.test.autoconfigure.web.servlet.WebDriverTestExecutionListener, org.springframework.boot.test.mock.mockito.MockitoTestExecutionListener, org.springframework.boot.test.mock.mockito.ResetMocksTestExecutionListener, org.springframework.test.context.web.ServletTestExecutionListener, org.springframework.test.context.support.DirtiesContextBeforeModesTestExecutionListener, org.springframework.test.context.support.DependencyInjectionTestExecutionListener, org.springframework.test.context.support.DirtiesContextTestExecutionListener, org.springframework.test.context.transaction.TransactionalTestExecutionListener, org.springframework.test.context.jdbc.SqlScriptsTestExecutionListener]
2018-03-16 16:20:17.508  INFO 19389 --- [    Test worker] .b.t.c.SpringBootTestContextBootstrapper : Using TestExecutionListeners: [org.springframework.test.context.support.DirtiesContextBeforeModesTestExecutionListener@1a4f2ca5, org.springframework.boot.test.mock.mockito.MockitoTestExecutionListener@30cba41f, org.springframework.boot.test.autoconfigure.SpringBootDependencyInjectionTestExecutionListener@61b13989, org.springframework.test.context.support.DirtiesContextTestExecutionListener@42014d9a, org.springframework.test.context.transaction.TransactionalTestExecutionListener@21487b7b, org.springframework.test.context.jdbc.SqlScriptsTestExecutionListener@4c4ed811, org.springframework.boot.test.autoconfigure.restdocs.RestDocsTestExecutionListener@245bdd60, org.springframework.boot.test.autoconfigure.web.client.MockRestServiceServerResetTestExecutionListener@6cfe29ec, org.springframework.boot.test.autoconfigure.web.servlet.MockMvcPrintOnlyOnFailureTestExecutionListener@e8f04ab, org.springframework.boot.test.autoconfigure.web.servlet.WebDriverTestExecutionListener@343bdb3b, org.springframework.boot.test.mock.mockito.ResetMocksTestExecutionListener@4e71b001]
2018-03-16 16:20:17.509  INFO 19389 --- [    Test worker] o.s.b.f.s.DefaultListableBeanFactory     : Replacing scope 'cucumber-glue' from [cucumber.runtime.java.spring.GlueCodeScope@11e2ba1a] to [cucumber.runtime.java.spring.GlueCodeScope@53dd516a]
]]></system-out>
  <system-err><![CDATA[]]></system-err>
</testsuite>
