<?xml version="1.0" encoding="UTF-8"?>
<testsuite name="Scenario: the client deletes a non existing payment" tests="8" skipped="0" failures="0" errors="0" timestamp="2018-03-16T17:16:04" hostname="b-0426.local" time="0.031">
  <properties/>
  <testcase name="Given the db is clean" classname="Scenario: the client deletes a non existing payment" time="0.0"/>
  <testcase name="When the client GET /payments" classname="Scenario: the client deletes a non existing payment" time="0.0"/>
  <testcase name="And the client receives 0 payments" classname="Scenario: the client deletes a non existing payment" time="0.0"/>
  <testcase name="Given the client POST 1 mock" classname="Scenario: the client deletes a non existing payment" time="0.001"/>
  <testcase name="When the client DELETE a payment" classname="Scenario: the client deletes a non existing payment" time="0.0"/>
  <testcase name="And the client DELETE a payment" classname="Scenario: the client deletes a non existing payment" time="0.0"/>
  <testcase name="Then the client receives status code of 200" classname="Scenario: the client deletes a non existing payment" time="0.0"/>
  <testcase name="classMethod" classname="Scenario: the client deletes a non existing payment" time="0.042"/>
  <system-out><![CDATA[2018-03-16 17:16:04.173  INFO 20076 --- [    Test worker] o.s.t.c.support.AbstractContextLoader    : Could not detect default resource locations for test class [playground.SpringIntegrationTest]: no resource found for suffixes {-context.xml, Context.groovy}.
2018-03-16 17:16:04.175  INFO 20076 --- [    Test worker] .b.t.c.SpringBootTestContextBootstrapper : Loaded default TestExecutionListener class names from location [META-INF/spring.factories]: [org.springframework.boot.test.autoconfigure.restdocs.RestDocsTestExecutionListener, org.springframework.boot.test.autoconfigure.web.client.MockRestServiceServerResetTestExecutionListener, org.springframework.boot.test.autoconfigure.web.servlet.MockMvcPrintOnlyOnFailureTestExecutionListener, org.springframework.boot.test.autoconfigure.web.servlet.WebDriverTestExecutionListener, org.springframework.boot.test.mock.mockito.MockitoTestExecutionListener, org.springframework.boot.test.mock.mockito.ResetMocksTestExecutionListener, org.springframework.test.context.web.ServletTestExecutionListener, org.springframework.test.context.support.DirtiesContextBeforeModesTestExecutionListener, org.springframework.test.context.support.DependencyInjectionTestExecutionListener, org.springframework.test.context.support.DirtiesContextTestExecutionListener, org.springframework.test.context.transaction.TransactionalTestExecutionListener, org.springframework.test.context.jdbc.SqlScriptsTestExecutionListener]
2018-03-16 17:16:04.176  INFO 20076 --- [    Test worker] .b.t.c.SpringBootTestContextBootstrapper : Using TestExecutionListeners: [org.springframework.test.context.support.DirtiesContextBeforeModesTestExecutionListener@4f6f7437, org.springframework.boot.test.mock.mockito.MockitoTestExecutionListener@266922d0, org.springframework.boot.test.autoconfigure.SpringBootDependencyInjectionTestExecutionListener@66c5a968, org.springframework.test.context.support.DirtiesContextTestExecutionListener@2598ac52, org.springframework.test.context.transaction.TransactionalTestExecutionListener@11e2ba1a, org.springframework.test.context.jdbc.SqlScriptsTestExecutionListener@7e726554, org.springframework.boot.test.autoconfigure.restdocs.RestDocsTestExecutionListener@35371d1b, org.springframework.boot.test.autoconfigure.web.client.MockRestServiceServerResetTestExecutionListener@55adddd3, org.springframework.boot.test.autoconfigure.web.servlet.MockMvcPrintOnlyOnFailureTestExecutionListener@519b8f16, org.springframework.boot.test.autoconfigure.web.servlet.WebDriverTestExecutionListener@3cae18b4, org.springframework.boot.test.mock.mockito.ResetMocksTestExecutionListener@31fc05ff]
2018-03-16 17:16:04.176  INFO 20076 --- [    Test worker] o.s.b.f.s.DefaultListableBeanFactory     : Replacing scope 'cucumber-glue' from [cucumber.runtime.java.spring.GlueCodeScope@62f44306] to [cucumber.runtime.java.spring.GlueCodeScope@a841556]

  Scenario: the client deletes a payment        ?[90m# cucumber.feature:25?[0m
    ?[32mGiven ?[0m?[32mthe client POST ?[0m?[32m?[1m1?[0m?[32m mock?[0m                ?[90m# StepDefs.mockNData(Integer)?[0m
    ?[32mWhen ?[0m?[32mthe client DELETE a payment?[0m            ?[90m# StepDefs.deletePayment()?[0m
    ?[32mAnd ?[0m?[32mthe client GET a payment?[0m                ?[90m# StepDefs.clientGetsPayment()?[0m
    ?[32mThen ?[0m?[32mthe client receives status code of ?[0m?[32m?[1m404?[0m ?[90m# StepDefs.clientReceivesCode(int)?[0m
]]></system-out>
  <system-err><![CDATA[]]></system-err>
</testsuite>
