<?xml version="1.0" encoding="UTF-8"?>
<testsuite name="Scenario: the client deletes a non existing payment" tests="8" skipped="0" failures="0" errors="0" timestamp="2018-03-16T16:14:28" hostname="b-0426.local" time="0.033">
  <properties/>
  <testcase name="Given the db is clean" classname="Scenario: the client deletes a non existing payment" time="0.002"/>
  <testcase name="When the client GET /payments" classname="Scenario: the client deletes a non existing payment" time="0.0"/>
  <testcase name="And the client receives 0 payments" classname="Scenario: the client deletes a non existing payment" time="0.001"/>
  <testcase name="Given the client POST 1 mock" classname="Scenario: the client deletes a non existing payment" time="0.0"/>
  <testcase name="When the client DELETE a payment" classname="Scenario: the client deletes a non existing payment" time="0.0"/>
  <testcase name="And the client DELETE a payment" classname="Scenario: the client deletes a non existing payment" time="0.0"/>
  <testcase name="Then the client receives status code of 200" classname="Scenario: the client deletes a non existing payment" time="0.0"/>
  <testcase name="classMethod" classname="Scenario: the client deletes a non existing payment" time="0.043"/>
  <system-out><![CDATA[2018-03-16 16:14:28.557  INFO 19250 --- [    Test worker] o.s.t.c.support.AbstractContextLoader    : Could not detect default resource locations for test class [playground.SpringIntegrationTest]: no resource found for suffixes {-context.xml, Context.groovy}.
2018-03-16 16:14:28.559  INFO 19250 --- [    Test worker] .b.t.c.SpringBootTestContextBootstrapper : Loaded default TestExecutionListener class names from location [META-INF/spring.factories]: [org.springframework.boot.test.autoconfigure.restdocs.RestDocsTestExecutionListener, org.springframework.boot.test.autoconfigure.web.client.MockRestServiceServerResetTestExecutionListener, org.springframework.boot.test.autoconfigure.web.servlet.MockMvcPrintOnlyOnFailureTestExecutionListener, org.springframework.boot.test.autoconfigure.web.servlet.WebDriverTestExecutionListener, org.springframework.boot.test.mock.mockito.MockitoTestExecutionListener, org.springframework.boot.test.mock.mockito.ResetMocksTestExecutionListener, org.springframework.test.context.web.ServletTestExecutionListener, org.springframework.test.context.support.DirtiesContextBeforeModesTestExecutionListener, org.springframework.test.context.support.DependencyInjectionTestExecutionListener, org.springframework.test.context.support.DirtiesContextTestExecutionListener, org.springframework.test.context.transaction.TransactionalTestExecutionListener, org.springframework.test.context.jdbc.SqlScriptsTestExecutionListener]
2018-03-16 16:14:28.560  INFO 19250 --- [    Test worker] .b.t.c.SpringBootTestContextBootstrapper : Using TestExecutionListeners: [org.springframework.test.context.support.DirtiesContextBeforeModesTestExecutionListener@3ed00540, org.springframework.boot.test.mock.mockito.MockitoTestExecutionListener@693da7d1, org.springframework.boot.test.autoconfigure.SpringBootDependencyInjectionTestExecutionListener@42108bd9, org.springframework.test.context.support.DirtiesContextTestExecutionListener@771af85, org.springframework.test.context.transaction.TransactionalTestExecutionListener@3935402e, org.springframework.test.context.jdbc.SqlScriptsTestExecutionListener@3d326bf6, org.springframework.boot.test.autoconfigure.restdocs.RestDocsTestExecutionListener@7bba61ca, org.springframework.boot.test.autoconfigure.web.client.MockRestServiceServerResetTestExecutionListener@71bdf4bf, org.springframework.boot.test.autoconfigure.web.servlet.MockMvcPrintOnlyOnFailureTestExecutionListener@621aee96, org.springframework.boot.test.autoconfigure.web.servlet.WebDriverTestExecutionListener@4cd954f8, org.springframework.boot.test.mock.mockito.ResetMocksTestExecutionListener@6445c898]
2018-03-16 16:14:28.560  INFO 19250 --- [    Test worker] o.s.b.f.s.DefaultListableBeanFactory     : Replacing scope 'cucumber-glue' from [cucumber.runtime.java.spring.GlueCodeScope@783a7798] to [cucumber.runtime.java.spring.GlueCodeScope@7a43c0a3]

  Scenario: the client deletes a payment        ?[90m# cucumber.feature:25?[0m
    ?[32mGiven ?[0m?[32mthe client POST ?[0m?[32m?[1m1?[0m?[32m mock?[0m                ?[90m# StepDefs.mockNData(Integer)?[0m
    ?[32mWhen ?[0m?[32mthe client DELETE a payment?[0m            ?[90m# StepDefs.deletePayment()?[0m
    ?[32mAnd ?[0m?[32mthe client GET a payment?[0m                ?[90m# StepDefs.clientGetsPayment()?[0m
    ?[32mThen ?[0m?[32mthe client receives status code of ?[0m?[32m?[1m404?[0m ?[90m# StepDefs.clientReceivesCode(int)?[0m
]]></system-out>
  <system-err><![CDATA[]]></system-err>
</testsuite>
