<?xml version="1.0" encoding="UTF-8"?>
<testsuite name="Scenario: the client posts with id" tests="6" skipped="0" failures="0" errors="0" timestamp="2018-03-16T17:16:04" hostname="b-0426.local" time="0.048">
  <properties/>
  <testcase name="Given the db is clean" classname="Scenario: the client posts with id" time="0.0"/>
  <testcase name="When the client GET /payments" classname="Scenario: the client posts with id" time="0.0"/>
  <testcase name="And the client receives 0 payments" classname="Scenario: the client posts with id" time="0.0"/>
  <testcase name="When the client POST a mock with id" classname="Scenario: the client posts with id" time="0.001"/>
  <testcase name="Then the client receives status code of 400" classname="Scenario: the client posts with id" time="0.0"/>
  <testcase name="classMethod" classname="Scenario: the client posts with id" time="0.065"/>
  <system-out><![CDATA[2018-03-16 17:16:04.007  INFO 20076 --- [    Test worker] o.s.t.c.support.AbstractContextLoader    : Could not detect default resource locations for test class [playground.SpringIntegrationTest]: no resource found for suffixes {-context.xml, Context.groovy}.
2018-03-16 17:16:04.012  INFO 20076 --- [    Test worker] .b.t.c.SpringBootTestContextBootstrapper : Loaded default TestExecutionListener class names from location [META-INF/spring.factories]: [org.springframework.boot.test.autoconfigure.restdocs.RestDocsTestExecutionListener, org.springframework.boot.test.autoconfigure.web.client.MockRestServiceServerResetTestExecutionListener, org.springframework.boot.test.autoconfigure.web.servlet.MockMvcPrintOnlyOnFailureTestExecutionListener, org.springframework.boot.test.autoconfigure.web.servlet.WebDriverTestExecutionListener, org.springframework.boot.test.mock.mockito.MockitoTestExecutionListener, org.springframework.boot.test.mock.mockito.ResetMocksTestExecutionListener, org.springframework.test.context.web.ServletTestExecutionListener, org.springframework.test.context.support.DirtiesContextBeforeModesTestExecutionListener, org.springframework.test.context.support.DependencyInjectionTestExecutionListener, org.springframework.test.context.support.DirtiesContextTestExecutionListener, org.springframework.test.context.transaction.TransactionalTestExecutionListener, org.springframework.test.context.jdbc.SqlScriptsTestExecutionListener]
2018-03-16 17:16:04.013  INFO 20076 --- [    Test worker] .b.t.c.SpringBootTestContextBootstrapper : Using TestExecutionListeners: [org.springframework.test.context.support.DirtiesContextBeforeModesTestExecutionListener@38ba98be, org.springframework.boot.test.mock.mockito.MockitoTestExecutionListener@3ca4f53d, org.springframework.boot.test.autoconfigure.SpringBootDependencyInjectionTestExecutionListener@129a562, org.springframework.test.context.support.DirtiesContextTestExecutionListener@23640927, org.springframework.test.context.transaction.TransactionalTestExecutionListener@4f771a9d, org.springframework.test.context.jdbc.SqlScriptsTestExecutionListener@54610353, org.springframework.boot.test.autoconfigure.restdocs.RestDocsTestExecutionListener@18afbe08, org.springframework.boot.test.autoconfigure.web.client.MockRestServiceServerResetTestExecutionListener@1b81b10b, org.springframework.boot.test.autoconfigure.web.servlet.MockMvcPrintOnlyOnFailureTestExecutionListener@6cd5f314, org.springframework.boot.test.autoconfigure.web.servlet.WebDriverTestExecutionListener@30f21e46, org.springframework.boot.test.mock.mockito.ResetMocksTestExecutionListener@5548b9ae]
2018-03-16 17:16:04.014  INFO 20076 --- [    Test worker] o.s.b.f.s.DefaultListableBeanFactory     : Replacing scope 'cucumber-glue' from [cucumber.runtime.java.spring.GlueCodeScope@57425bf8] to [cucumber.runtime.java.spring.GlueCodeScope@43d743e5]

  Scenario: the client updates a payment                                             ?[90m# cucumber.feature:12?[0m
    ?[32mGiven ?[0m?[32mthe client POST ?[0m?[32m?[1m1?[0m?[32m mock?[0m                                                     ?[90m# StepDefs.mockNData(Integer)?[0m
    ?[32mWhen ?[0m?[32mthe client updates a payment with value "?[0m?[32m?[1mUpdated Payment?[0m?[32m" on the type field?[0m ?[90m# StepDefs.update(String)?[0m
]]></system-out>
  <system-err><![CDATA[]]></system-err>
</testsuite>
