<?xml version="1.0" encoding="UTF-8"?>
<testsuite name="| mark | 0 |" tests="7" skipped="0" failures="0" errors="0" timestamp="2018-03-16T17:16:04" hostname="b-0426.local" time="0.109">
  <properties/>
  <testcase name="Given the db is clean" classname="| mark | 0 |" time="0.0"/>
  <testcase name="When the client GET /payments" classname="| mark | 0 |" time="0.0"/>
  <testcase name="And the client receives 0 payments" classname="| mark | 0 |" time="0.0"/>
  <testcase name="Given the client POST 15 mocks" classname="| mark | 0 |" time="0.0"/>
  <testcase name="When the client GET /payments with beneficiaryName &quot;mark&quot;" classname="| mark | 0 |" time="0.0"/>
  <testcase name="Then the client receives 0 payments" classname="| mark | 0 |" time="0.0"/>
  <testcase name="classMethod" classname="| mark | 0 |" time="0.12"/>
  <system-out><![CDATA[2018-03-16 17:16:04.424  INFO 20076 --- [    Test worker] o.s.t.c.support.AbstractContextLoader    : Could not detect default resource locations for test class [playground.SpringIntegrationTest]: no resource found for suffixes {-context.xml, Context.groovy}.
2018-03-16 17:16:04.427  INFO 20076 --- [    Test worker] .b.t.c.SpringBootTestContextBootstrapper : Loaded default TestExecutionListener class names from location [META-INF/spring.factories]: [org.springframework.boot.test.autoconfigure.restdocs.RestDocsTestExecutionListener, org.springframework.boot.test.autoconfigure.web.client.MockRestServiceServerResetTestExecutionListener, org.springframework.boot.test.autoconfigure.web.servlet.MockMvcPrintOnlyOnFailureTestExecutionListener, org.springframework.boot.test.autoconfigure.web.servlet.WebDriverTestExecutionListener, org.springframework.boot.test.mock.mockito.MockitoTestExecutionListener, org.springframework.boot.test.mock.mockito.ResetMocksTestExecutionListener, org.springframework.test.context.web.ServletTestExecutionListener, org.springframework.test.context.support.DirtiesContextBeforeModesTestExecutionListener, org.springframework.test.context.support.DependencyInjectionTestExecutionListener, org.springframework.test.context.support.DirtiesContextTestExecutionListener, org.springframework.test.context.transaction.TransactionalTestExecutionListener, org.springframework.test.context.jdbc.SqlScriptsTestExecutionListener]
2018-03-16 17:16:04.428  INFO 20076 --- [    Test worker] .b.t.c.SpringBootTestContextBootstrapper : Using TestExecutionListeners: [org.springframework.test.context.support.DirtiesContextBeforeModesTestExecutionListener@1bd9debd, org.springframework.boot.test.mock.mockito.MockitoTestExecutionListener@48ef346a, org.springframework.boot.test.autoconfigure.SpringBootDependencyInjectionTestExecutionListener@2ca3d7b8, org.springframework.test.context.support.DirtiesContextTestExecutionListener@7f986f7a, org.springframework.test.context.transaction.TransactionalTestExecutionListener@2ae17a02, org.springframework.test.context.jdbc.SqlScriptsTestExecutionListener@1b9c5750, org.springframework.boot.test.autoconfigure.restdocs.RestDocsTestExecutionListener@29b05d8c, org.springframework.boot.test.autoconfigure.web.client.MockRestServiceServerResetTestExecutionListener@15ef047f, org.springframework.boot.test.autoconfigure.web.servlet.MockMvcPrintOnlyOnFailureTestExecutionListener@34ff4daa, org.springframework.boot.test.autoconfigure.web.servlet.WebDriverTestExecutionListener@4d20aab2, org.springframework.boot.test.mock.mockito.ResetMocksTestExecutionListener@66d7c2a7]
2018-03-16 17:16:04.428  INFO 20076 --- [    Test worker] o.s.b.f.s.DefaultListableBeanFactory     : Replacing scope 'cucumber-glue' from [cucumber.runtime.java.spring.GlueCodeScope@4cf30b7a] to [cucumber.runtime.java.spring.GlueCodeScope@bf6eefe]

  Scenario Outline: the client gets payments by beneficiaryName   ?[90m# cucumber.feature:44?[0m
    ?[32mGiven ?[0m?[32mthe client POST ?[0m?[32m?[1m15?[0m?[32m mocks?[0m                                ?[90m# StepDefs.mockNData(Integer)?[0m
    ?[32mWhen ?[0m?[32mthe client GET /payments with beneficiaryName "?[0m?[32m?[1mjeremiah?[0m?[32m"?[0m ?[90m# StepDefs.clientGetsPayments(String)?[0m
    ?[32mThen ?[0m?[32mthe client receives ?[0m?[32m?[1m15?[0m?[32m payments?[0m                          ?[90m# StepDefs.clientReceivesArrayOfLength(int)?[0m
]]></system-out>
  <system-err><![CDATA[]]></system-err>
</testsuite>
