<?xml version="1.0" encoding="UTF-8"?>
<testsuite name="Scenario: the client updates with no id" tests="7" skipped="0" failures="0" errors="0" timestamp="2018-03-16T16:20:17" hostname="b-0426.local" time="0.032">
  <properties/>
  <testcase name="Given the db is clean" classname="Scenario: the client updates with no id" time="0.001"/>
  <testcase name="When the client GET /payments" classname="Scenario: the client updates with no id" time="0.0"/>
  <testcase name="And the client receives 0 payments" classname="Scenario: the client updates with no id" time="0.0"/>
  <testcase name="Given the client POST 1 mock" classname="Scenario: the client updates with no id" time="0.0"/>
  <testcase name="When the client updates a payment with no id" classname="Scenario: the client updates with no id" time="0.0"/>
  <testcase name="Then the client receives status code of 400" classname="Scenario: the client updates with no id" time="0.0"/>
  <testcase name="classMethod" classname="Scenario: the client updates with no id" time="0.044"/>
  <system-out><![CDATA[2018-03-16 16:20:17.376  INFO 19389 --- [    Test worker] o.s.t.c.support.AbstractContextLoader    : Could not detect default resource locations for test class [playground.SpringIntegrationTest]: no resource found for suffixes {-context.xml, Context.groovy}.
2018-03-16 16:20:17.380  INFO 19389 --- [    Test worker] .b.t.c.SpringBootTestContextBootstrapper : Loaded default TestExecutionListener class names from location [META-INF/spring.factories]: [org.springframework.boot.test.autoconfigure.restdocs.RestDocsTestExecutionListener, org.springframework.boot.test.autoconfigure.web.client.MockRestServiceServerResetTestExecutionListener, org.springframework.boot.test.autoconfigure.web.servlet.MockMvcPrintOnlyOnFailureTestExecutionListener, org.springframework.boot.test.autoconfigure.web.servlet.WebDriverTestExecutionListener, org.springframework.boot.test.mock.mockito.MockitoTestExecutionListener, org.springframework.boot.test.mock.mockito.ResetMocksTestExecutionListener, org.springframework.test.context.web.ServletTestExecutionListener, org.springframework.test.context.support.DirtiesContextBeforeModesTestExecutionListener, org.springframework.test.context.support.DependencyInjectionTestExecutionListener, org.springframework.test.context.support.DirtiesContextTestExecutionListener, org.springframework.test.context.transaction.TransactionalTestExecutionListener, org.springframework.test.context.jdbc.SqlScriptsTestExecutionListener]
2018-03-16 16:20:17.381  INFO 19389 --- [    Test worker] .b.t.c.SpringBootTestContextBootstrapper : Using TestExecutionListeners: [org.springframework.test.context.support.DirtiesContextBeforeModesTestExecutionListener@fa1831a, org.springframework.boot.test.mock.mockito.MockitoTestExecutionListener@5700bd97, org.springframework.boot.test.autoconfigure.SpringBootDependencyInjectionTestExecutionListener@796ef72f, org.springframework.test.context.support.DirtiesContextTestExecutionListener@395851e6, org.springframework.test.context.transaction.TransactionalTestExecutionListener@3ae2bc84, org.springframework.test.context.jdbc.SqlScriptsTestExecutionListener@685c524a, org.springframework.boot.test.autoconfigure.restdocs.RestDocsTestExecutionListener@660507e1, org.springframework.boot.test.autoconfigure.web.client.MockRestServiceServerResetTestExecutionListener@1d29ada6, org.springframework.boot.test.autoconfigure.web.servlet.MockMvcPrintOnlyOnFailureTestExecutionListener@3200341b, org.springframework.boot.test.autoconfigure.web.servlet.WebDriverTestExecutionListener@3844fe13, org.springframework.boot.test.mock.mockito.ResetMocksTestExecutionListener@76b0dcf5]
2018-03-16 16:20:17.381  INFO 19389 --- [    Test worker] o.s.b.f.s.DefaultListableBeanFactory     : Replacing scope 'cucumber-glue' from [cucumber.runtime.java.spring.GlueCodeScope@4f771a9d] to [cucumber.runtime.java.spring.GlueCodeScope@26a40b18]

  Scenario: the client posts with id            ?[90m# cucumber.feature:16?[0m
    ?[32mWhen ?[0m?[32mthe client POST a mock with id?[0m         ?[90m# StepDefs.mockDataWithId()?[0m
    ?[32mThen ?[0m?[32mthe client receives status code of ?[0m?[32m?[1m400?[0m ?[90m# StepDefs.clientReceivesCode(int)?[0m
]]></system-out>
  <system-err><![CDATA[]]></system-err>
</testsuite>
