<?xml version="1.0" encoding="UTF-8"?>
<testsuite name="| mark | 0 |" tests="7" skipped="0" failures="0" errors="0" timestamp="2018-03-16T16:14:28" hostname="b-0426.local" time="0.104">
  <properties/>
  <testcase name="Given the db is clean" classname="| mark | 0 |" time="0.0"/>
  <testcase name="When the client GET /payments" classname="| mark | 0 |" time="0.0"/>
  <testcase name="And the client receives 0 payments" classname="| mark | 0 |" time="0.0"/>
  <testcase name="Given the client POST 15 mocks" classname="| mark | 0 |" time="0.0"/>
  <testcase name="When the client GET /payments with beneficiaryName &quot;mark&quot;" classname="| mark | 0 |" time="0.0"/>
  <testcase name="Then the client receives 0 payments" classname="| mark | 0 |" time="0.0"/>
  <testcase name="classMethod" classname="| mark | 0 |" time="0.115"/>
  <system-out><![CDATA[2018-03-16 16:14:28.801  INFO 19250 --- [    Test worker] o.s.t.c.support.AbstractContextLoader    : Could not detect default resource locations for test class [playground.SpringIntegrationTest]: no resource found for suffixes {-context.xml, Context.groovy}.
2018-03-16 16:14:28.803  INFO 19250 --- [    Test worker] .b.t.c.SpringBootTestContextBootstrapper : Loaded default TestExecutionListener class names from location [META-INF/spring.factories]: [org.springframework.boot.test.autoconfigure.restdocs.RestDocsTestExecutionListener, org.springframework.boot.test.autoconfigure.web.client.MockRestServiceServerResetTestExecutionListener, org.springframework.boot.test.autoconfigure.web.servlet.MockMvcPrintOnlyOnFailureTestExecutionListener, org.springframework.boot.test.autoconfigure.web.servlet.WebDriverTestExecutionListener, org.springframework.boot.test.mock.mockito.MockitoTestExecutionListener, org.springframework.boot.test.mock.mockito.ResetMocksTestExecutionListener, org.springframework.test.context.web.ServletTestExecutionListener, org.springframework.test.context.support.DirtiesContextBeforeModesTestExecutionListener, org.springframework.test.context.support.DependencyInjectionTestExecutionListener, org.springframework.test.context.support.DirtiesContextTestExecutionListener, org.springframework.test.context.transaction.TransactionalTestExecutionListener, org.springframework.test.context.jdbc.SqlScriptsTestExecutionListener]
2018-03-16 16:14:28.804  INFO 19250 --- [    Test worker] .b.t.c.SpringBootTestContextBootstrapper : Using TestExecutionListeners: [org.springframework.test.context.support.DirtiesContextBeforeModesTestExecutionListener@23c9f23f, org.springframework.boot.test.mock.mockito.MockitoTestExecutionListener@4b47b9ba, org.springframework.boot.test.autoconfigure.SpringBootDependencyInjectionTestExecutionListener@461a5635, org.springframework.test.context.support.DirtiesContextTestExecutionListener@517e2b7b, org.springframework.test.context.transaction.TransactionalTestExecutionListener@3d4a6361, org.springframework.test.context.jdbc.SqlScriptsTestExecutionListener@4bb6971b, org.springframework.boot.test.autoconfigure.restdocs.RestDocsTestExecutionListener@5f09dba6, org.springframework.boot.test.autoconfigure.web.client.MockRestServiceServerResetTestExecutionListener@7f0c16cf, org.springframework.boot.test.autoconfigure.web.servlet.MockMvcPrintOnlyOnFailureTestExecutionListener@11b33324, org.springframework.boot.test.autoconfigure.web.servlet.WebDriverTestExecutionListener@6ec27046, org.springframework.boot.test.mock.mockito.ResetMocksTestExecutionListener@7f8742d3]
2018-03-16 16:14:28.805  INFO 19250 --- [    Test worker] o.s.b.f.s.DefaultListableBeanFactory     : Replacing scope 'cucumber-glue' from [cucumber.runtime.java.spring.GlueCodeScope@714c1f99] to [cucumber.runtime.java.spring.GlueCodeScope@60a28982]

  Scenario Outline: the client gets payments by beneficiaryName   ?[90m# cucumber.feature:44?[0m
    ?[32mGiven ?[0m?[32mthe client POST ?[0m?[32m?[1m15?[0m?[32m mocks?[0m                                ?[90m# StepDefs.mockNData(Integer)?[0m
    ?[32mWhen ?[0m?[32mthe client GET /payments with beneficiaryName "?[0m?[32m?[1mjeremiah?[0m?[32m"?[0m ?[90m# StepDefs.clientGetsPayments(String)?[0m
    ?[32mThen ?[0m?[32mthe client receives ?[0m?[32m?[1m15?[0m?[32m payments?[0m                          ?[90m# StepDefs.clientReceivesArrayOfLength(int)?[0m
]]></system-out>
  <system-err><![CDATA[]]></system-err>
</testsuite>
