<?xml version="1.0" encoding="UTF-8"?>
<testsuite name="playground.CucumberTest" tests="0" skipped="0" failures="0" errors="0" timestamp="1970-01-01T00:00:00" hostname="b-0426.local" time="0.0">
  <properties/>
  <system-out><![CDATA[Feature: payments CRUD

  Background:                          ?[90m# cucumber.feature:4?[0m
    ?[32mGiven ?[0m?[32mthe db is clean?[0m              ?[90m# StepDefs.dbClean()?[0m
    ?[32mWhen ?[0m?[32mthe client GET /payments?[0m      ?[90m# StepDefs.clientGetsPayments()?[0m
    ?[32mAnd ?[0m?[32mthe client receives ?[0m?[32m?[1m0?[0m?[32m payments?[0m ?[90m# StepDefs.clientReceivesArrayOfLength(int)?[0m

  Background:                          ?[90m# cucumber.feature:4?[0m
    ?[32mGiven ?[0m?[32mthe db is clean?[0m              ?[90m# StepDefs.dbClean()?[0m
    ?[32mWhen ?[0m?[32mthe client GET /payments?[0m      ?[90m# StepDefs.clientGetsPayments()?[0m
    ?[32mAnd ?[0m?[32mthe client receives ?[0m?[32m?[1m0?[0m?[32m payments?[0m ?[90m# StepDefs.clientReceivesArrayOfLength(int)?[0m

  Background:                          ?[90m# cucumber.feature:4?[0m
    ?[32mGiven ?[0m?[32mthe db is clean?[0m              ?[90m# StepDefs.dbClean()?[0m
    ?[32mWhen ?[0m?[32mthe client GET /payments?[0m      ?[90m# StepDefs.clientGetsPayments()?[0m
    ?[32mAnd ?[0m?[32mthe client receives ?[0m?[32m?[1m0?[0m?[32m payments?[0m ?[90m# StepDefs.clientReceivesArrayOfLength(int)?[0m
2018-03-16 16:14:28.447  WARN 19250 --- [erver-kqueue-18] .a.w.r.e.DefaultErrorWebExceptionHandler : Failed to handle request [POST http://localhost:8080/payments]: Response status 400 with reason "POSTs shouldn't have ids"

  Background:                          ?[90m# cucumber.feature:4?[0m
    ?[32mGiven ?[0m?[32mthe db is clean?[0m              ?[90m# StepDefs.dbClean()?[0m
    ?[32mWhen ?[0m?[32mthe client GET /payments?[0m      ?[90m# StepDefs.clientGetsPayments()?[0m
    ?[32mAnd ?[0m?[32mthe client receives ?[0m?[32m?[1m0?[0m?[32m payments?[0m ?[90m# StepDefs.clientReceivesArrayOfLength(int)?[0m
2018-03-16 16:14:28.501  WARN 19250 --- [erver-kqueue-18] .a.w.r.e.DefaultErrorWebExceptionHandler : Failed to handle request [PUT http://localhost:8080/payments/0151e151-2710-49ff-bbf3-56d42005c8d4]: Response status 400 with reason "path variable id and payment id should match"

  Background:                          ?[90m# cucumber.feature:4?[0m
    ?[32mGiven ?[0m?[32mthe db is clean?[0m              ?[90m# StepDefs.dbClean()?[0m
    ?[32mWhen ?[0m?[32mthe client GET /payments?[0m      ?[90m# StepDefs.clientGetsPayments()?[0m
    ?[32mAnd ?[0m?[32mthe client receives ?[0m?[32m?[1m0?[0m?[32m payments?[0m ?[90m# StepDefs.clientReceivesArrayOfLength(int)?[0m
2018-03-16 16:14:28.553  WARN 19250 --- [       Thread-6] .a.w.r.e.DefaultErrorWebExceptionHandler : Failed to handle request [GET http://localhost:8080/payments/28dd3b8e-1903-4dd2-8765-abd9ca91c997]: Response status 404 with reason "payment 28dd3b8e-1903-4dd2-8765-abd9ca91c997 doesn't exist"

  Background:                          ?[90m# cucumber.feature:4?[0m
    ?[32mGiven ?[0m?[32mthe db is clean?[0m              ?[90m# StepDefs.dbClean()?[0m
    ?[32mWhen ?[0m?[32mthe client GET /payments?[0m      ?[90m# StepDefs.clientGetsPayments()?[0m
    ?[32mAnd ?[0m?[32mthe client receives ?[0m?[32m?[1m0?[0m?[32m payments?[0m ?[90m# StepDefs.clientReceivesArrayOfLength(int)?[0m

  Scenario: the client deletes a non existing payment ?[90m# cucumber.feature:31?[0m
    (idempotency of DELETE)

    ?[32mGiven ?[0m?[32mthe client POST ?[0m?[32m?[1m1?[0m?[32m mock?[0m                      ?[90m# StepDefs.mockNData(Integer)?[0m
    ?[32mWhen ?[0m?[32mthe client DELETE a payment?[0m                  ?[90m# StepDefs.deletePayment()?[0m
    ?[32mAnd ?[0m?[32mthe client DELETE a payment?[0m                   ?[90m# StepDefs.deletePayment()?[0m
    ?[32mThen ?[0m?[32mthe client receives status code of ?[0m?[32m?[1m200?[0m       ?[90m# StepDefs.clientReceivesCode(int)?[0m

  Scenario Outline: the client gets payments by beneficiaryName   ?[90m# cucumber.feature:38?[0m
    ?[36mGiven ?[0m?[36mthe client POST 15 mocks?[0m
    ?[36mWhen ?[0m?[36mthe client GET /payments with beneficiaryName "<string>"?[0m
    ?[36mThen ?[0m?[36mthe client receives <number> payments?[0m

    Examples: 

  Background:                          ?[90m# cucumber.feature:4?[0m
    ?[32mGiven ?[0m?[32mthe db is clean?[0m              ?[90m# StepDefs.dbClean()?[0m
    ?[32mWhen ?[0m?[32mthe client GET /payments?[0m      ?[90m# StepDefs.clientGetsPayments()?[0m
    ?[32mAnd ?[0m?[32mthe client receives ?[0m?[32m?[1m0?[0m?[32m payments?[0m ?[90m# StepDefs.clientReceivesArrayOfLength(int)?[0m

  Background:                          ?[90m# cucumber.feature:4?[0m
    ?[32mGiven ?[0m?[32mthe db is clean?[0m              ?[90m# StepDefs.dbClean()?[0m
    ?[32mWhen ?[0m?[32mthe client GET /payments?[0m      ?[90m# StepDefs.clientGetsPayments()?[0m
    ?[32mAnd ?[0m?[32mthe client receives ?[0m?[32m?[1m0?[0m?[32m payments?[0m ?[90m# StepDefs.clientReceivesArrayOfLength(int)?[0m

  Scenario Outline: the client gets payments by beneficiaryName ?[90m# cucumber.feature:45?[0m
    ?[32mGiven ?[0m?[32mthe client POST ?[0m?[32m?[1m15?[0m?[32m mocks?[0m                              ?[90m# StepDefs.mockNData(Integer)?[0m
    ?[32mWhen ?[0m?[32mthe client GET /payments with beneficiaryName "?[0m?[32m?[1mmark?[0m?[32m"?[0m   ?[90m# StepDefs.clientGetsPayments(String)?[0m
    ?[32mThen ?[0m?[32mthe client receives ?[0m?[32m?[1m0?[0m?[32m payments?[0m                         ?[90m# StepDefs.clientReceivesArrayOfLength(int)?[0m

8 Scenarios (?[32m8 passed?[0m)
46 Steps (?[32m46 passed?[0m)
0m1.323s

]]></system-out>
  <system-err><![CDATA[]]></system-err>
</testsuite>
